<?xml version="1.0" encoding="UTF-8"?>
<testsuite name="Cucumber" time="96.934" tests="2" skipped="0" failures="2" errors="0">
<testcase classname="Booking a home cleaning service" name="Create a booking with given details - #1.1" time="61.964">
<failure type="java.util.NoSuchElementException" message="No element in the list became visible within the timeout.">
<![CDATA[java.util.NoSuchElementException: No element in the list became visible within the timeout.
	at utils.CommonMethods.waitUntilElementVisible(CommonMethods.java:121)
	at utils.CommonMethods.click(CommonMethods.java:29)
	at pages.BookingPage.selectPaymentTypeAndCompletePayment(BookingPage.java:182)
	at stepdefinitions.BookingSteps.iHaveSuccessfullyDidThePaymentWithAs(BookingSteps.java:50)
	at ✽.I have successfully did the payment with as "Google Pay"(file:///Users/kishormohta/Downloads/JustLifeAssignmentTask/src/test/resources/features/bookings.feature:7)
]]>
</failure>
<system-out><![CDATA[
Given I have launched the application Successfully..........................passed
When I create a booking with "One Time", "Dubai Marina", "Yes", "1", "2", "Yes", "Yes".passed
And I logged in the Application.............................................passed
And I have successfully did the payment with as "Google Pay"................failed
Then The booking should be created successfully.............................skipped
]]></system-out>
</testcase>
<testcase classname="Booking a home cleaning service" name="Create a booking with given details - #1.2" time="34.87">
<failure type="org.openqa.selenium.NoSuchElementException" message="no such element: Unable to locate element: {&quot;method&quot;:&quot;xpath&quot;,&quot;selector&quot;:&quot;//span[@id='enabled-day-1-text' and text()='15']&quot;}
  (Session info: chrome=137.0.7151.104)
For documentation on this error, please visit: https://www.selenium.dev/documentation/webdriver/troubleshooting/errors#no-such-element-exception
Build info: version: '4.21.0', revision: '79ed462ef4'
System info: os.name: 'Mac OS X', os.arch: 'aarch64', os.version: '15.5', java.version: '11.0.25'
Driver info: org.openqa.selenium.chrome.ChromeDriver
Command: [67d2df41ca4c33793f6aca6ace446287, findElement {using=xpath, value=//span[@id='enabled-day-1-text' and text()='15']}]
Capabilities {acceptInsecureCerts: false, browserName: chrome, browserVersion: 137.0.7151.104, chrome: {chromedriverVersion: 137.0.7151.70 (dfa4dc56b2ab..., userDataDir: /var/folders/gw/6x7sybkn2cg...}, fedcm:accounts: true, goog:chromeOptions: {debuggerAddress: localhost:56827}, networkConnectionEnabled: false, pageLoadStrategy: normal, platformName: mac, proxy: Proxy(), se:cdp: ws://localhost:56827/devtoo..., se:cdpVersion: 137.0.7151.104, setWindowRect: true, strictFileInteractability: false, timeouts: {implicit: 0, pageLoad: 300000, script: 30000}, unhandledPromptBehavior: dismiss and notify, webauthn:extension:credBlob: true, webauthn:extension:largeBlob: true, webauthn:extension:minPinLength: true, webauthn:extension:prf: true, webauthn:virtualAuthenticators: true}
Session ID: 67d2df41ca4c33793f6aca6ace446287">
<![CDATA[org.openqa.selenium.NoSuchElementException: no such element: Unable to locate element: {"method":"xpath","selector":"//span[@id='enabled-day-1-text' and text()='15']"}
  (Session info: chrome=137.0.7151.104)
For documentation on this error, please visit: https://www.selenium.dev/documentation/webdriver/troubleshooting/errors#no-such-element-exception
Build info: version: '4.21.0', revision: '79ed462ef4'
System info: os.name: 'Mac OS X', os.arch: 'aarch64', os.version: '15.5', java.version: '11.0.25'
Driver info: org.openqa.selenium.chrome.ChromeDriver
Command: [67d2df41ca4c33793f6aca6ace446287, findElement {using=xpath, value=//span[@id='enabled-day-1-text' and text()='15']}]
Capabilities {acceptInsecureCerts: false, browserName: chrome, browserVersion: 137.0.7151.104, chrome: {chromedriverVersion: 137.0.7151.70 (dfa4dc56b2ab..., userDataDir: /var/folders/gw/6x7sybkn2cg...}, fedcm:accounts: true, goog:chromeOptions: {debuggerAddress: localhost:56827}, networkConnectionEnabled: false, pageLoadStrategy: normal, platformName: mac, proxy: Proxy(), se:cdp: ws://localhost:56827/devtoo..., se:cdpVersion: 137.0.7151.104, setWindowRect: true, strictFileInteractability: false, timeouts: {implicit: 0, pageLoad: 300000, script: 30000}, unhandledPromptBehavior: dismiss and notify, webauthn:extension:credBlob: true, webauthn:extension:largeBlob: true, webauthn:extension:minPinLength: true, webauthn:extension:prf: true, webauthn:virtualAuthenticators: true}
Session ID: 67d2df41ca4c33793f6aca6ace446287
	at java.base/jdk.internal.reflect.NativeConstructorAccessorImpl.newInstance0(Native Method)
	at java.base/jdk.internal.reflect.NativeConstructorAccessorImpl.newInstance(NativeConstructorAccessorImpl.java:62)
	at java.base/jdk.internal.reflect.DelegatingConstructorAccessorImpl.newInstance(DelegatingConstructorAccessorImpl.java:45)
	at java.base/java.lang.reflect.Constructor.newInstance(Constructor.java:490)
	at org.openqa.selenium.remote.ErrorCodec.decode(ErrorCodec.java:167)
	at org.openqa.selenium.remote.codec.w3c.W3CHttpResponseCodec.decode(W3CHttpResponseCodec.java:138)
	at org.openqa.selenium.remote.codec.w3c.W3CHttpResponseCodec.decode(W3CHttpResponseCodec.java:50)
	at org.openqa.selenium.remote.HttpCommandExecutor.execute(HttpCommandExecutor.java:190)
	at org.openqa.selenium.remote.service.DriverCommandExecutor.invokeExecute(DriverCommandExecutor.java:216)
	at org.openqa.selenium.remote.service.DriverCommandExecutor.execute(DriverCommandExecutor.java:174)
	at org.openqa.selenium.remote.RemoteWebDriver.execute(RemoteWebDriver.java:518)
	at org.openqa.selenium.remote.ElementLocation$ElementFinder$2.findElement(ElementLocation.java:165)
	at org.openqa.selenium.remote.ElementLocation.findElement(ElementLocation.java:59)
	at org.openqa.selenium.remote.RemoteWebDriver.findElement(RemoteWebDriver.java:355)
	at org.openqa.selenium.remote.RemoteWebDriver.findElement(RemoteWebDriver.java:349)
	at utils.CommonMethods.clickOnElementWithDynamicXpath(CommonMethods.java:35)
	at pages.BookingPage.selectTomorrow9AM(BookingPage.java:149)
	at stepdefinitions.BookingSteps.i_create_a_booking_with(BookingSteps.java:40)
	at ✽.I create a booking with "Weekly", "Dubai Marina", "No", "2", "2", "No", "No"(file:///Users/kishormohta/Downloads/JustLifeAssignmentTask/src/test/resources/features/bookings.feature:5)
]]>
</failure>
<system-out><![CDATA[
Given I have launched the application Successfully..........................passed
When I create a booking with "Weekly", "Dubai Marina", "No", "2", "2", "No", "No".failed
And I logged in the Application.............................................skipped
And I have successfully did the payment with as "Google Pay"................skipped
Then The booking should be created successfully.............................skipped
]]></system-out>
</testcase>
</testsuite>
